   Compiling proc-macro2 v1.0.103
   Compiling quote v1.0.42
   Compiling unicode-ident v1.0.22
   Compiling cfg-if v1.0.4
   Compiling libc v0.2.177
   Compiling serde_core v1.0.228
   Compiling serde v1.0.228
   Compiling pin-project-lite v0.2.16
   Compiling once_cell v1.21.3
   Compiling arrayvec v0.7.6
   Compiling zerocopy v0.8.27
   Compiling getrandom v0.3.4
   Compiling hashbrown v0.16.0
   Compiling equivalent v1.0.2
   Compiling winnow v0.7.13
   Compiling thiserror v1.0.69
   Compiling toml_datetime v0.6.11
   Compiling indexmap v2.12.0
   Compiling syn v2.0.110
   Compiling version_check v0.9.5
   Compiling crossbeam-utils v0.8.21
   Compiling getrandom v0.2.16
   Compiling tracing-core v0.1.34
   Compiling rand_core v0.6.4
   Compiling smallvec v1.15.1
   Compiling parking v2.2.1
   Compiling concurrent-queue v2.5.0
   Compiling ahash v0.8.12
   Compiling futures-core v0.3.31
   Compiling event-listener v5.4.1
   Compiling futures-io v0.3.31
   Compiling toml_edit v0.22.27
   Compiling ppv-lite86 v0.2.21
   Compiling fastrand v2.3.0
   Compiling typeid v1.0.3
   Compiling event-listener-strategy v0.5.4
   Compiling rand_chacha v0.3.1
   Compiling thread_local v1.1.9
   Compiling smol_str v0.2.2
   Compiling allocator-api2 v0.2.21
   Compiling bitflags v2.10.0
   Compiling rand v0.8.5
   Compiling core-foundation-sys v0.8.7
   Compiling erased-serde v0.4.9
   Compiling uuid v1.18.1
   Compiling futures-lite v2.6.1
   Compiling fixedbitset v0.4.2
   Compiling async-task v4.7.1
   Compiling web-time v1.1.0
   Compiling async-channel v2.5.0
   Compiling bitflags v1.3.2
   Compiling bevy_ptr v0.14.2
   Compiling downcast-rs v1.2.1
   Compiling slab v0.4.11
   Compiling log v0.4.28
   Compiling autocfg v1.5.0
   Compiling nonmax v0.5.5
   Compiling fixedbitset v0.5.7
   Compiling shlex v1.3.0
   Compiling async-executor v1.13.3
   Compiling core-foundation v0.9.4
   Compiling memchr v2.7.6
   Compiling num-traits v0.2.19
   Compiling bevy_tasks v0.14.2
   Compiling foreign-types-shared v0.3.1
   Compiling cfg_aliases v0.1.1
   Compiling parking_lot_core v0.9.12
   Compiling core-graphics-types v0.1.3
   Compiling scopeguard v1.2.0
   Compiling raw-window-handle v0.6.2
   Compiling regex-syntax v0.8.8
   Compiling lock_api v0.4.14
   Compiling aho-corasick v1.1.4
   Compiling bevy_macro_utils v0.14.2
   Compiling termcolor v1.4.1
   Compiling find-msvc-tools v0.1.4
   Compiling accesskit v0.14.0
   Compiling unicode-width v0.1.14
   Compiling paste v1.0.15
   Compiling bit-vec v0.6.3
   Compiling codespan-reporting v0.11.1
   Compiling cc v1.2.45
   Compiling bit-set v0.5.3
   Compiling parking_lot v0.12.5
   Compiling crossbeam-channel v0.5.15
   Compiling malloc_buf v0.0.6
   Compiling simd-adler32 v0.3.7
   Compiling khronos-egl v6.0.0
   Compiling crc32fast v1.5.0
   Compiling atomic-waker v1.1.2
   Compiling rustc-hash v1.1.0
   Compiling hexf-parse v0.2.1
   Compiling unicode-xid v0.2.6
   Compiling piper v0.2.4
   Compiling objc v0.2.7
   Compiling encase_derive_impl v0.8.0
   Compiling wgpu-hal v0.21.1
   Compiling wgpu-types v0.20.0
   Compiling libloading v0.8.9
   Compiling regex-automata v0.4.13
   Compiling block v0.1.6
   Compiling adler2 v2.0.1
   Compiling miniz_oxide v0.8.9
   Compiling blake3 v1.8.2
   Compiling serde_derive v1.0.228
   Compiling bytemuck_derive v1.10.2
   Compiling thiserror-impl v1.0.69
   Compiling tracing-attributes v0.1.30
   Compiling bevy_utils_proc_macros v0.14.2
   Compiling bevy_reflect_derive v0.14.2
   Compiling bevy_ecs_macros v0.14.2
   Compiling bevy_derive v0.14.2
   Compiling foreign-types-macros v0.2.3
   Compiling bytemuck v1.24.0
   Compiling tracing v0.1.41
   Compiling naga v0.20.0
warning: blake3@1.8.2: Compiler family detection failed due to error: ToolNotFound: failed to find tool "aarch64-apple-darwin-clang": No such file or directory (os error 2)
error: failed to run custom build command for `blake3 v1.8.2`

Caused by:
  process didn't exit successfully: `/home/developer/rust/strong-lines-clone/target/release/build/blake3-524a3da6fb2dfe7b/build-script-build` (exit status: 1)
  --- stdout
  cargo:rustc-check-cfg=cfg(blake3_sse2_ffi, values(none()))
  cargo:rustc-check-cfg=cfg(blake3_sse2_rust, values(none()))
  cargo:rustc-check-cfg=cfg(blake3_sse41_ffi, values(none()))
  cargo:rustc-check-cfg=cfg(blake3_sse41_rust, values(none()))
  cargo:rustc-check-cfg=cfg(blake3_avx2_ffi, values(none()))
  cargo:rustc-check-cfg=cfg(blake3_avx2_rust, values(none()))
  cargo:rustc-check-cfg=cfg(blake3_avx512_ffi, values(none()))
  cargo:rustc-check-cfg=cfg(blake3_neon, values(none()))
  cargo:rustc-check-cfg=cfg(blake3_wasm32_simd, values(none()))
  cargo:rerun-if-env-changed=CARGO_FEATURE_PURE
  cargo:rerun-if-env-changed=CARGO_FEATURE_NO_NEON
  cargo:rerun-if-env-changed=CARGO_FEATURE_NEON
  cargo:rerun-if-env-changed=CARGO_FEATURE_NEON
  cargo:rerun-if-env-changed=CARGO_FEATURE_NO_NEON
  cargo:rerun-if-env-changed=CARGO_FEATURE_PURE
  cargo:rustc-cfg=blake3_neon
  OUT_DIR = Some(/home/developer/rust/strong-lines-clone/target/aarch64-apple-darwin/release/build/blake3-1f69ccfb7895e48d/out)
  OPT_LEVEL = Some(z)
  TARGET = Some(aarch64-apple-darwin)
  CARGO_ENCODED_RUSTFLAGS = Some(-Clink-arg=-mmacosx-version-min=10.13)
  HOST = Some(x86_64-unknown-linux-gnu)
  CC_aarch64-apple-darwin = None
  CC_aarch64_apple_darwin = Some(aarch64-apple-darwin-clang)
  CC_KNOWN_WRAPPER_CUSTOM = None
  RUSTC_WRAPPER = None
  cargo:rerun-if-env-changed=CC_ENABLE_DEBUG_OUTPUT
  cargo:warning=Compiler family detection failed due to error: ToolNotFound: failed to find tool "aarch64-apple-darwin-clang": No such file or directory (os error 2)
  CRATE_CC_NO_DEFAULTS = None
  DEBUG = Some(false)
  MACOSX_DEPLOYMENT_TARGET = None
  CFLAGS = None
  TARGET_CFLAGS = None
  CFLAGS_aarch64_apple_darwin = Some(-isysroot /home/developer/rust/strong-lines-clone/osxcross/target/SDK/MacOSX26.1.sdk)
  CC_SHELL_ESCAPED_FLAGS = None
  CFLAGS_aarch64-apple-darwin = None

  --- stderr


  error occurred in cc-rs: failed to find tool "aarch64-apple-darwin-clang": No such file or directory (os error 2)


warning: build failed, waiting for other jobs to finish...
