   Compiling cfg-if v1.0.4
   Compiling pin-project-lite v0.2.16
   Compiling libc v0.2.177
   Compiling serde_core v1.0.228
   Compiling serde v1.0.228
   Compiling once_cell v1.21.3
   Compiling arrayvec v0.7.6
   Compiling zerocopy v0.8.27
   Compiling bytemuck v1.24.0
   Compiling thiserror v1.0.69
   Compiling crossbeam-utils v0.8.21
   Compiling getrandom v0.3.4
   Compiling hashbrown v0.16.0
   Compiling tracing-core v0.1.34
   Compiling equivalent v1.0.2
   Compiling parking v2.2.1
   Compiling smallvec v1.15.1
   Compiling futures-core v0.3.31
   Compiling ahash v0.8.12
   Compiling fastrand v2.3.0
   Compiling futures-io v0.3.31
   Compiling concurrent-queue v2.5.0
   Compiling tracing v0.1.41
   Compiling getrandom v0.2.16
   Compiling event-listener v5.4.1
   Compiling rand_core v0.6.4
   Compiling indexmap v2.12.0
   Compiling typeid v1.0.3
   Compiling thread_local v1.1.9
   Compiling smol_str v0.2.2
   Compiling event-listener-strategy v0.5.4
   Compiling core-foundation-sys v0.8.7
   Compiling allocator-api2 v0.2.21
   Compiling erased-serde v0.4.9
   Compiling futures-lite v2.6.1
   Compiling fixedbitset v0.4.2
   Compiling web-time v1.1.0
   Compiling async-task v4.7.1
   Compiling async-channel v2.5.0
   Compiling bitflags v1.3.2
   Compiling bevy_ptr v0.14.2
   Compiling downcast-rs v1.2.1
   Compiling log v0.4.28
   Compiling slab v0.4.11
   Compiling fixedbitset v0.5.7
   Compiling nonmax v0.5.5
   Compiling num-traits v0.2.19
   Compiling core-foundation v0.9.4
   Compiling memchr v2.7.6
   Compiling foreign-types-shared v0.3.1
   Compiling foreign-types v0.5.0
   Compiling parking_lot_core v0.9.12
   Compiling scopeguard v1.2.0
   Compiling raw-window-handle v0.6.2
   Compiling regex-syntax v0.8.8
   Compiling async-executor v1.13.3
   Compiling core-graphics-types v0.1.3
   Compiling ppv-lite86 v0.2.21
   Compiling aho-corasick v1.1.4
   Compiling bevy_tasks v0.14.2
   Compiling rand_chacha v0.3.1
   Compiling lock_api v0.4.14
   Compiling bit-vec v0.6.3
   Compiling rand v0.8.5
   Compiling unicode-width v0.1.14
   Compiling termcolor v1.4.1
   Compiling bitflags v2.10.0
   Compiling accesskit v0.14.0
   Compiling codespan-reporting v0.11.1
   Compiling glam v0.27.0
   Compiling uuid v1.18.1
   Compiling hashbrown v0.14.5
   Compiling petgraph v0.6.5
   Compiling parking_lot v0.12.5
   Compiling regex-automata v0.4.13
   Compiling bit-set v0.5.3
   Compiling malloc_buf v0.0.6
   Compiling crossbeam-channel v0.5.15
   Compiling hexf-parse v0.2.1
   Compiling bevy_utils v0.14.2
   Compiling simd-adler32 v0.3.7
   Compiling rustc-hash v1.1.0
   Compiling unicode-xid v0.2.6
   Compiling atomic-waker v1.1.2
   Compiling piper v0.2.4
   Compiling naga v0.20.0
   Compiling khronos-egl v6.0.0
   Compiling crc32fast v1.5.0
   Compiling objc v0.2.7
   Compiling wgpu-types v0.20.0
   Compiling libloading v0.8.9
   Compiling block v0.1.6
   Compiling adler2 v2.0.1
   Compiling miniz_oxide v0.8.9
   Compiling metal v0.28.0
   Compiling wgpu-hal v0.21.1
   Compiling blake3 v1.8.2
   Compiling blocking v1.6.2
   Compiling async-lock v3.4.1
   Compiling arrayref v0.3.9
   Compiling static_assertions v1.1.0
   Compiling base64 v0.21.7
   Compiling event-listener v2.5.3
   Compiling profiling v1.0.17
   Compiling constant_time_eq v0.3.1
   Compiling glow v0.13.1
   Compiling typewit v1.14.2
   Compiling async-fs v2.2.0
   Compiling ron v0.8.1
   Compiling const_panic v0.2.15
   Compiling bevy_reflect v0.14.2
   Compiling async-broadcast v0.5.1
   Compiling wgpu-core v0.21.1
   Compiling flate2 v1.1.5
   Compiling fdeflate v0.3.7
   Compiling pxfm v0.1.25
   Compiling lazy_static v1.5.0
   Compiling const_soft_float v0.1.4
   Compiling zune-core v0.4.12
   Compiling wgpu v0.20.1
   Compiling png v0.18.0
   Compiling constgebra v0.1.4
   Compiling zune-jpeg v0.4.21
   Compiling encase v0.8.0
   Compiling regex v1.12.2
   Compiling twox-hash v1.6.3
   Compiling sysinfo v0.30.13
   Compiling unicode-ident v1.0.22
   Compiling const-fnv1a-hash v1.1.0
   Compiling byteorder-lite v0.1.0
   Compiling data-encoding v2.9.0
   Compiling moxcms v0.7.9
   Compiling ruzstd v0.7.3
   Compiling hexasphere v12.0.0
   Compiling bevy_mikktspace v0.14.2
   Compiling naga_oil v0.14.0
   Compiling bevy_ecs v0.14.2
   Compiling bevy_math v0.14.2
   Compiling ktx2 v0.3.0
   Compiling objc-sys v0.3.5
   Compiling mach2 v0.4.3
   Compiling objc2-encode v4.1.0
   Compiling objc2 v0.5.2
   Compiling image v0.25.8
   Compiling bevy_color v0.14.3
   Compiling byteorder v1.5.0
   Compiling radsort v0.1.1
   Compiling coreaudio-sys v0.2.17
   Compiling bevy_app v0.14.2
   Compiling bevy_core v0.14.2
   Compiling bevy_hierarchy v0.14.2
   Compiling bevy_time v0.14.2
   Compiling bevy_a11y v0.14.2
   Compiling bevy_transform v0.14.2
   Compiling bevy_window v0.14.2
   Compiling bevy_asset v0.14.2
   Compiling bevy_diagnostic v0.14.2
   Compiling block2 v0.5.1
   Compiling dispatch v0.2.0
   Compiling objc2-foundation v0.2.2
   Compiling sharded-slab v0.1.7
   Compiling matchers v0.2.0
   Compiling euclid v0.22.11
   Compiling tracing-log v0.2.0
   Compiling tinyvec_macros v0.1.1
   Compiling svg_fmt v0.4.5
   Compiling nu-ansi-term v0.50.3
   Compiling ttf-parser v0.25.1
   Compiling io-kit-sys v0.4.1
   Compiling guillotiere v0.6.2
   Compiling tinyvec v1.10.0
   Compiling tracing-subscriber v0.3.20
   Compiling serde_json v1.0.145
   Compiling cpal v0.15.3
   Compiling coreaudio-rs v0.11.3
   Compiling ogg v0.8.0
   Compiling approx v0.5.1
   Compiling immutable-chunkmap v2.1.2
   Compiling ab_glyph_rasterizer v0.1.10
   Compiling itoa v1.0.15
   Compiling dasp_sample v0.11.0
   Compiling ryu v1.0.20
   Compiling rectangle-pack v0.4.2
   Compiling bevy_log v0.14.2
   Compiling bevy_render v0.14.2
   Compiling owned_ttf_parser v0.25.1
   Compiling objc2-app-kit v0.2.2
   Compiling ab_glyph v0.2.32
   Compiling accesskit_consumer v0.22.0
   Compiling slotmap v1.0.7
   Compiling lewton v0.10.2
   Compiling winit v0.30.12
   Compiling bevy_input v0.14.2
   Compiling core-graphics v0.23.2
   Compiling dpi v0.1.2
   Compiling cursor-icon v1.2.0
   Compiling xi-unicode v0.3.0
   Compiling vec_map v0.8.2
   Compiling gilrs v0.10.10
   Compiling glyph_brush_layout v0.2.4
   Compiling gltf-json v1.4.1
   Compiling gilrs-core v0.5.15
   Compiling symphonia-core v0.5.5
   Compiling accesskit_macos v0.15.0
   Compiling encoding_rs v0.8.35
   Compiling fnv v1.0.7
   Compiling grid v0.14.0
   Compiling taffy v0.5.2
   Compiling symphonia-metadata v0.5.5
   Compiling gltf v1.4.1
   Compiling accesskit_winit v0.20.4
   Compiling rodio v0.18.1
   Compiling base64 v0.22.1
   Compiling percent-encoding v2.3.2
   Compiling bevy_audio v0.14.2
   Compiling bevy_state v0.14.2
   Compiling bevy_gilrs v0.14.2
   Compiling bevy_winit v0.14.2
   Compiling symphonia-bundle-mp3 v0.5.5
   Compiling hound v3.5.1
   Compiling claxon v0.4.3
   Compiling symphonia v0.5.5
   Compiling rodio v0.19.0
   Compiling bevy_core_pipeline v0.14.2
   Compiling bevy_animation v0.14.2
   Compiling bevy_scene v0.14.2
   Compiling bevy_sprite v0.14.2
   Compiling bevy_pbr v0.14.2
   Compiling bevy_text v0.14.2
   Compiling bevy_ui v0.14.2
   Compiling bevy_gltf v0.14.2
   Compiling bevy_gizmos v0.14.2
   Compiling bevy_internal v0.14.2
   Compiling bevy v0.14.2
   Compiling strong-lines v0.1.0 (/home/developer/rust/strong-lines-clone)
    Finished `release` profile [optimized] target(s) in 4m 06s
