[cross] warning: `cross` does not provide a Docker image for target aarch64-apple-darwin, specify a custom image in `Cross.toml`.
[cross] note: Falling back to `cargo` on the host.
   Compiling bevy_ecs v0.14.2
   Compiling bevy_math v0.14.2
   Compiling wgpu-core v0.21.1
   Compiling image v0.25.8
   Compiling bindgen v0.72.1
   Compiling block2 v0.5.1
   Compiling sharded-slab v0.1.7
   Compiling matchers v0.2.0
   Compiling euclid v0.22.11
   Compiling objc2-foundation v0.2.2
   Compiling tracing-log v0.2.0
   Compiling nu-ansi-term v0.50.3
   Compiling ttf-parser v0.25.1
   Compiling tinyvec_macros v0.1.1
   Compiling svg_fmt v0.4.5
   Compiling serde_json v1.0.145
   Compiling cpal v0.15.3
   Compiling io-kit-sys v0.4.1
   Compiling guillotiere v0.6.2
   Compiling tinyvec v1.10.0
   Compiling tracing-subscriber v0.3.20
   Compiling wgpu v0.20.1
   Compiling bevy_color v0.14.3
   Compiling objc2-app-kit v0.2.2
   Compiling coreaudio-sys v0.2.17
   Compiling bevy_app v0.14.2
   Compiling owned_ttf_parser v0.25.1
   Compiling bevy_core v0.14.2
   Compiling bevy_a11y v0.14.2
   Compiling bevy_hierarchy v0.14.2
   Compiling bevy_time v0.14.2
   Compiling bevy_transform v0.14.2
   Compiling bevy_window v0.14.2
   Compiling bevy_asset v0.14.2
   Compiling bevy_diagnostic v0.14.2
   Compiling ogg v0.8.0
   Compiling approx v0.5.1
   Compiling immutable-chunkmap v2.1.2
   Compiling dasp_sample v0.11.0
   Compiling itoa v1.0.15
   Compiling ab_glyph_rasterizer v0.1.10
   Compiling rectangle-pack v0.4.2
   Compiling ryu v1.0.20
   Compiling coreaudio-rs v0.11.3
   Compiling accesskit_consumer v0.22.0
   Compiling ab_glyph v0.2.32
   Compiling slotmap v1.0.7
   Compiling lewton v0.10.2
   Compiling bevy_log v0.14.2
   Compiling bevy_input v0.14.2
   Compiling winit v0.30.12
   Compiling core-graphics v0.23.2
   Compiling vec_map v0.8.2
   Compiling cursor-icon v1.2.0
   Compiling xi-unicode v0.3.0
   Compiling dpi v0.1.2
   Compiling gilrs v0.10.10
   Compiling gilrs-core v0.5.15
   Compiling gltf-json v1.4.1
   Compiling glyph_brush_layout v0.2.4
   Compiling accesskit_macos v0.15.0
   Compiling bevy_render v0.14.2
   Compiling symphonia-core v0.5.5
   Compiling encoding_rs v0.8.35
   Compiling grid v0.14.0
   Compiling fnv v1.0.7
   Compiling gltf v1.4.1
   Compiling taffy v0.5.2
   Compiling symphonia-metadata v0.5.5
   Compiling accesskit_winit v0.20.4
   Compiling rodio v0.18.1
   Compiling bevy_state_macros v0.14.2
   Compiling percent-encoding v2.3.2
   Compiling base64 v0.22.1
   Compiling bevy_state v0.14.2
   Compiling bevy_audio v0.14.2
   Compiling bevy_winit v0.14.2
   Compiling symphonia-bundle-mp3 v0.5.5
   Compiling bevy_gilrs v0.14.2
   Compiling symphonia v0.5.5
   Compiling claxon v0.4.3
   Compiling hound v3.5.1
   Compiling rodio v0.19.0
   Compiling bevy_core_pipeline v0.14.2
   Compiling bevy_animation v0.14.2
   Compiling bevy_scene v0.14.2
   Compiling bevy_sprite v0.14.2
   Compiling bevy_pbr v0.14.2
   Compiling bevy_text v0.14.2
   Compiling bevy_ui v0.14.2
   Compiling bevy_gizmos v0.14.2
   Compiling bevy_gltf v0.14.2
   Compiling bevy_internal v0.14.2
   Compiling bevy v0.14.2
   Compiling strong-lines v0.1.0 (/home/developer/rust/strong-lines-clone)
error: linker `aarch64-apple-darwin-clang` not found
  |
  = note: No such file or directory (os error 2)

error: could not compile `strong-lines` (bin "strong-lines") due to 1 previous error
